\BOOKMARK [1][-]{section.0.1}{Preface}{}% 1
\BOOKMARK [1][-]{section.0.2}{Dedication}{}% 2
\BOOKMARK [1][-]{section.0.3}{About the Author}{}% 3
\BOOKMARK [0][-]{chapter.1}{Flow-based Programming}{}% 4
\BOOKMARK [1][-]{section.1.1}{Data}{chapter.1}% 5
\BOOKMARK [2][-]{subsection.1.1.1}{Data Movement}{section.1.1}% 6
\BOOKMARK [1][-]{section.1.2}{Nodes and Locations}{chapter.1}% 7
\BOOKMARK [2][-]{subsection.1.2.1}{Node Memory}{section.1.2}% 8
\BOOKMARK [2][-]{subsection.1.2.2}{Node Connections}{section.1.2}% 9
\BOOKMARK [1][-]{section.1.3}{Flows}{chapter.1}% 10
\BOOKMARK [2][-]{subsection.1.3.1}{Single Node Flows}{section.1.3}% 11
\BOOKMARK [2][-]{subsection.1.3.2}{Two Node Flows}{section.1.3}% 12
\BOOKMARK [0][-]{chapter.2}{Setup, Syntax, and Types}{}% 13
\BOOKMARK [1][-]{section.2.1}{Download and Building}{chapter.2}% 14
\BOOKMARK [2][-]{subsection.2.1.1}{Compiling Options}{section.2.1}% 15
\BOOKMARK [1][-]{section.2.2}{Command Line Arguments}{chapter.2}% 16
\BOOKMARK [2][-]{subsection.2.2.1}{Running Strings of Code}{section.2.2}% 17
\BOOKMARK [2][-]{subsection.2.2.2}{The Wind REPL}{section.2.2}% 18
\BOOKMARK [1][-]{section.2.3}{Syntax}{chapter.2}% 19
\BOOKMARK [2][-]{subsection.2.3.1}{Grammar}{section.2.3}% 20
\BOOKMARK [1][-]{section.2.4}{Types}{chapter.2}% 21
\BOOKMARK [2][-]{subsection.2.4.1}{Bools}{section.2.4}% 22
\BOOKMARK [2][-]{subsection.2.4.2}{Numbers}{section.2.4}% 23
\BOOKMARK [2][-]{subsection.2.4.3}{Strings}{section.2.4}% 24
\BOOKMARK [2][-]{subsection.2.4.4}{Symbols}{section.2.4}% 25
\BOOKMARK [0][-]{chapter.3}{Commands}{}% 26
\BOOKMARK [1][-]{section.3.1}{push}{chapter.3}% 27
\BOOKMARK [1][-]{section.3.2}{out}{chapter.3}% 28
\BOOKMARK [1][-]{section.3.3}{clr}{chapter.3}% 29
\BOOKMARK [1][-]{section.3.4}{map}{chapter.3}% 30
\BOOKMARK [2][-]{subsection.3.4.1}{Usage}{section.3.4}% 31
\BOOKMARK [1][-]{section.3.5}{filter}{chapter.3}% 32
\BOOKMARK [2][-]{subsection.3.5.1}{Usage}{section.3.5}% 33
\BOOKMARK [1][-]{section.3.6}{reduce}{chapter.3}% 34
\BOOKMARK [1][-]{section.3.7}{save}{chapter.3}% 35
\BOOKMARK [1][-]{section.3.8}{load}{chapter.3}% 36
\BOOKMARK [0][-]{chapter.4}{Implementation}{}% 37
\BOOKMARK [1][-]{section.4.1}{Translation}{chapter.4}% 38
\BOOKMARK [1][-]{section.4.2}{Execution and Computation}{chapter.4}% 39
\BOOKMARK [2][-]{subsection.4.2.1}{States}{section.4.2}% 40
\BOOKMARK [2][-]{subsection.4.2.2}{Computing Commands}{section.4.2}% 41
